#! /c/Source/iverilog-install/bin/vvp
:ivl_version "12.0 (devel)" "(s20150603-1110-g18392a46)";
:ivl_delay_selection "TYPICAL";
:vpi_time_precision + 0;
:vpi_module "C:\iverilog\lib\ivl\system.vpi";
:vpi_module "C:\iverilog\lib\ivl\vhdl_sys.vpi";
:vpi_module "C:\iverilog\lib\ivl\vhdl_textio.vpi";
:vpi_module "C:\iverilog\lib\ivl\v2005_math.vpi";
:vpi_module "C:\iverilog\lib\ivl\va_math.vpi";
S_000001765ed7bc30 .scope module, "tb_dcdr_2to4" "tb_dcdr_2to4" 2 3;
 .timescale 0 0;
v000001765ed767c0_0 .net "R0", 0 0, L_000001765ef54c30;  1 drivers
v000001765ed76860_0 .net "R1", 0 0, L_000001765ef54a00;  1 drivers
v000001765ef54e40_0 .net "R2", 0 0, L_000001765ef54920;  1 drivers
v000001765efae160_0 .net "R3", 0 0, L_000001765ef54bc0;  1 drivers
v000001765efad9e0_0 .var "S0", 0 0;
v000001765efae2a0_0 .var "S1", 0 0;
S_000001765ed7bdc0 .scope module, "DUT" "decoder_2to4" 2 8, 3 1 0, S_000001765ed7bc30;
 .timescale 0 0;
    .port_info 0 /INPUT 1 "S0";
    .port_info 1 /INPUT 1 "S1";
    .port_info 2 /OUTPUT 1 "R0";
    .port_info 3 /OUTPUT 1 "R1";
    .port_info 4 /OUTPUT 1 "R2";
    .port_info 5 /OUTPUT 1 "R3";
L_000001765ef54680 .functor NOT 1, v000001765efad9e0_0, C4<0>, C4<0>, C4<0>;
L_000001765ef54a70 .functor NOT 1, v000001765efae2a0_0, C4<0>, C4<0>, C4<0>;
L_000001765ef54c30 .functor AND 1, L_000001765ef54680, L_000001765ef54a70, C4<1>, C4<1>;
L_000001765ef54a00 .functor AND 1, v000001765efad9e0_0, L_000001765ef54a70, C4<1>, C4<1>;
L_000001765ef54920 .functor AND 1, L_000001765ef54680, v000001765efae2a0_0, C4<1>, C4<1>;
L_000001765ef54bc0 .functor AND 1, v000001765efad9e0_0, v000001765efae2a0_0, C4<1>, C4<1>;
v000001765ed79c80_0 .net "R0", 0 0, L_000001765ef54c30;  alias, 1 drivers
v000001765ef66d30_0 .net "R1", 0 0, L_000001765ef54a00;  alias, 1 drivers
v000001765ed76400_0 .net "R2", 0 0, L_000001765ef54920;  alias, 1 drivers
v000001765ed764a0_0 .net "R3", 0 0, L_000001765ef54bc0;  alias, 1 drivers
v000001765ed76540_0 .net "S0", 0 0, v000001765efad9e0_0;  1 drivers
v000001765ed765e0_0 .net "S1", 0 0, v000001765efae2a0_0;  1 drivers
v000001765ed76680_0 .net "inv0", 0 0, L_000001765ef54680;  1 drivers
v000001765ed76720_0 .net "inv1", 0 0, L_000001765ef54a70;  1 drivers
    .scope S_000001765ed7bc30;
T_0 ;
    %vpi_call 2 12 "$dumpfile", "tb_decoder.vcd" {0 0 0};
    %vpi_call 2 13 "$dumpvars", 32'sb00000000000000000000000000000000, S_000001765ed7bc30 {0 0 0};
    %vpi_call 2 15 "$monitor", $time, " S0 = %b, S1 = %b, R0= %b, R1 = %b, R2 = %b, R3 = %b", v000001765efad9e0_0, v000001765efae2a0_0, v000001765ed767c0_0, v000001765ed76860_0, v000001765ef54e40_0, v000001765efae160_0 {0 0 0};
    %delay 5, 0;
    %pushi/vec4 0, 0, 1;
    %store/vec4 v000001765efad9e0_0, 0, 1;
    %pushi/vec4 0, 0, 1;
    %store/vec4 v000001765efae2a0_0, 0, 1;
    %delay 5, 0;
    %pushi/vec4 1, 0, 1;
    %store/vec4 v000001765efad9e0_0, 0, 1;
    %pushi/vec4 0, 0, 1;
    %store/vec4 v000001765efae2a0_0, 0, 1;
    %delay 5, 0;
    %pushi/vec4 0, 0, 1;
    %store/vec4 v000001765efad9e0_0, 0, 1;
    %pushi/vec4 1, 0, 1;
    %store/vec4 v000001765efae2a0_0, 0, 1;
    %delay 5, 0;
    %pushi/vec4 1, 0, 1;
    %store/vec4 v000001765efad9e0_0, 0, 1;
    %pushi/vec4 1, 0, 1;
    %store/vec4 v000001765efae2a0_0, 0, 1;
    %delay 5, 0;
    %vpi_call 2 21 "$finish" {0 0 0};
    %end;
    .thread T_0;
# The file index is used to find the file name in the following table.
:file_names 4;
    "N/A";
    "<interactive>";
    "tb_dcdr_2to4.v";
    "./decoder_2to4.v";
